2026-05-19T09:30:00.000 ORDER_NEW id=ORD300 symbol=ES side=BUY qty=1
2026-05-19T09:30:00.075 ORDER_ACK id=ORD300
2026-05-19T09:30:00.250 ORDER_FILL id=ORD300 qty=1 price=5280.00
2026-05-19T09:30:01.000 ORDER_NEW id=ORD301 symbol=NQ side=SELL qty=2
2026-05-19T09:30:01.090 ORDER_ACK id=ORD301
2026-05-19T09:30:01.500 ORDER_FILL id=ORD301 qty=1 price=18420.25
2026-05-19T09:30:01.900 ORDER_FILL id=ORD301 qty=1 price=18420.00
2026-05-19T09:30:02.000 ORDER_NEW id=ORD302 symbol=ES side=BUY qty=3
2026-05-19T09:30:02.080 ORDER_ACK id=ORD302
2026-05-19T09:30:02.600 ORDER_CANCEL id=ORD302 reason=USER_REQUEST
2026-05-19T09:30:03.000 ORDER_NEW id=ORD303 symbol=CL side=SELL qty=1
2026-05-19T09:30:03.350 ORDER_ACK id=ORD303
2026-05-19T09:30:03.800 ORDER_FILL id=ORD303 qty=1 price=79.35
2026-05-19T09:30:04.000 ORDER_NEW id=ORD304 symbol=YM side=BUY qty=2
2026-05-19T09:30:04.065 ORDER_ACK id=ORD304
2026-05-19T09:30:04.500 ORDER_FILL id=ORD304 qty=2 price=39750.00
2026-05-19T09:30:05.000 ORDER_NEW id=ORD305 symbol=ES side=SELL qty=1
2026-05-19T09:30:05.700 ORDER_ACK id=ORD305
2026-05-19T09:30:06.000 ORDER_NEW id=ORD306 symbol=NQ side=BUY qty=1
2026-05-19T09:30:06.100 ORDER_REJECT id=ORD306 reason=RISK_LIMIT

